2021-03-13 16:35:34,591:INFO:PyCaret Supervised Module
2021-03-13 16:35:34,592:INFO:ML Usecase: classification
2021-03-13 16:35:34,592:INFO:version 2.3.0
2021-03-13 16:35:34,593:INFO:Initializing setup()
2021-03-13 16:35:34,593:INFO:setup(target=wage_class, ml_usecase=classification, available_plots={'parameter': 'Hyperparameters', 'auc': 'AUC', 'confusion_matrix': 'Confusion Matrix', 'threshold': 'Threshold', 'pr': 'Precision Recall', 'error': 'Prediction Error', 'class_report': 'Class Report', 'rfe': 'Feature Selection', 'learning': 'Learning Curve', 'manifold': 'Manifold Learning', 'calibration': 'Calibration Curve', 'vc': 'Validation Curve', 'dimension': 'Dimensions', 'feature': 'Feature Importance', 'feature_all': 'Feature Importance (All)', 'boundary': 'Decision Boundary', 'lift': 'Lift Chart', 'gain': 'Gain Chart', 'tree': 'Decision Tree'}, train_size=0.7, test_data=None, preprocess=True, imputation_type=simple, iterative_imputation_iters=5, categorical_features=None, categorical_imputation=constant, categorical_iterative_imputer=lightgbm, ordinal_features=None, high_cardinality_features=None, high_cardinality_method=frequency, numeric_features=None, numeric_imputation=mean, numeric_iterative_imputer=lightgbm, date_features=None, ignore_features=None, normalize=False, normalize_method=zscore, transformation=False, transformation_method=yeo-johnson, handle_unknown_categorical=True, unknown_categorical_method=least_frequent, pca=False, pca_method=linear, pca_components=None, ignore_low_variance=False, combine_rare_levels=False, rare_level_threshold=0.1, bin_numeric_features=None, remove_outliers=False, outliers_threshold=0.05, remove_multicollinearity=False, multicollinearity_threshold=0.9, remove_perfect_collinearity=True, create_clusters=False, cluster_iter=20, polynomial_features=False, polynomial_degree=2, trigonometry_features=False, polynomial_threshold=0.1, group_features=None, group_names=None, feature_selection=True, feature_selection_threshold=0.8, feature_selection_method=classic, feature_interaction=False, feature_ratio=False, interaction_threshold=0.01, fix_imbalance=False, fix_imbalance_method=None, transform_target=False, transform_target_method=box-cox, data_split_shuffle=True, data_split_stratify=False, fold_strategy=stratifiedkfold, fold=10, fold_shuffle=False, fold_groups=None, n_jobs=-1, use_gpu=False, custom_pipeline=None, html=True, session_id=None, log_experiment=False, experiment_name=None, log_plots=False, log_profile=False, log_data=False, silent=False, verbose=True, profile=False, profile_kwargs=None, display=None)
2021-03-13 16:35:34,594:INFO:Checking environment
2021-03-13 16:35:34,595:INFO:python_version: 3.7.4
2021-03-13 16:35:34,595:INFO:python_build: ('default', 'Aug  9 2019 18:34:13')
2021-03-13 16:35:34,596:INFO:machine: AMD64
2021-03-13 16:35:34,596:INFO:platform: Windows-10-10.0.19041-SP0
2021-03-13 16:35:34,597:INFO:Memory: svmem(total=8469581824, available=2151256064, percent=74.6, used=6318325760, free=2151256064)
2021-03-13 16:35:34,657:INFO:Physical Core: 4
2021-03-13 16:35:34,659:INFO:Logical Core: 4
2021-03-13 16:35:34,660:INFO:Checking libraries
2021-03-13 16:35:34,660:INFO:pd==1.2.3
2021-03-13 16:35:34,661:INFO:numpy==1.19.5
2021-03-13 16:35:34,661:INFO:sklearn==0.23.2
2021-03-13 16:35:34,661:INFO:lightgbm==3.1.1
2021-03-13 16:35:36,925:INFO:catboost==0.24
2021-03-13 16:35:36,925:INFO:xgboost==1.3.3
2021-03-13 16:35:41,527:INFO:mlflow==1.14.1
2021-03-13 16:35:41,528:INFO:Checking Exceptions
2021-03-13 16:35:41,529:INFO:Declaring global variables
2021-03-13 16:35:41,529:INFO:USI: d60b
2021-03-13 16:35:41,529:INFO:pycaret_globals: {'target_param', 'n_jobs_param', '_gpu_n_jobs_param', '_all_metrics', 'fold_generator', 'X', 'fold_groups_param', 'master_model_container', 'logging_param', 'iterative_imputation_iters_param', 'fold_param', 'fix_imbalance_method_param', 'X_train', '_all_models', 'experiment__', 'fix_imbalance_param', 'seed', 'gpu_param', '_internal_pipeline', 'imputation_classifier', 'data_before_preprocess', 'y_test', 'log_plots_param', 'X_test', 'html_param', '_available_plots', '_all_models_internal', 'y', 'imputation_regressor', 'stratify_param', 'transform_target_method_param', 'display_container', 'create_model_container', 'pycaret_globals', 'prep_pipe', 'fold_shuffle_param', 'transform_target_param', 'exp_name_log', 'USI', 'y_train', '_ml_usecase'}
2021-03-13 16:35:41,530:INFO:Preparing display monitor
2021-03-13 16:35:41,530:INFO:Preparing display monitor
2021-03-13 16:35:41,577:INFO:Importing libraries
2021-03-13 16:35:41,578:INFO:Copying data for preprocessing
2021-03-13 16:35:41,609:INFO:Declaring preprocessing parameters
2021-03-13 16:35:41,626:INFO:Creating preprocessing pipeline
2021-03-13 16:35:41,924:INFO:Preprocessing pipeline created successfully
2021-03-13 16:35:41,924:ERROR:(Process Exit): setup has been interupted with user command 'quit'. setup must rerun.
2021-03-13 16:35:41,925:INFO:Creating global containers
2021-03-13 16:35:41,929:INFO:Internal pipeline: Pipeline(memory=None, steps=[('empty_step', 'passthrough')], verbose=False)
2021-03-13 16:41:39,557:INFO:PyCaret Supervised Module
2021-03-13 16:41:39,558:INFO:ML Usecase: classification
2021-03-13 16:41:39,558:INFO:version 2.3.0
2021-03-13 16:41:39,558:INFO:Initializing setup()
2021-03-13 16:41:39,558:INFO:setup(target=wage_class, ml_usecase=classification, available_plots={'parameter': 'Hyperparameters', 'auc': 'AUC', 'confusion_matrix': 'Confusion Matrix', 'threshold': 'Threshold', 'pr': 'Precision Recall', 'error': 'Prediction Error', 'class_report': 'Class Report', 'rfe': 'Feature Selection', 'learning': 'Learning Curve', 'manifold': 'Manifold Learning', 'calibration': 'Calibration Curve', 'vc': 'Validation Curve', 'dimension': 'Dimensions', 'feature': 'Feature Importance', 'feature_all': 'Feature Importance (All)', 'boundary': 'Decision Boundary', 'lift': 'Lift Chart', 'gain': 'Gain Chart', 'tree': 'Decision Tree'}, train_size=0.7, test_data=None, preprocess=True, imputation_type=simple, iterative_imputation_iters=5, categorical_features=None, categorical_imputation=constant, categorical_iterative_imputer=lightgbm, ordinal_features=None, high_cardinality_features=None, high_cardinality_method=frequency, numeric_features=None, numeric_imputation=mean, numeric_iterative_imputer=lightgbm, date_features=None, ignore_features=None, normalize=False, normalize_method=zscore, transformation=False, transformation_method=yeo-johnson, handle_unknown_categorical=True, unknown_categorical_method=least_frequent, pca=False, pca_method=linear, pca_components=None, ignore_low_variance=False, combine_rare_levels=False, rare_level_threshold=0.1, bin_numeric_features=None, remove_outliers=False, outliers_threshold=0.05, remove_multicollinearity=False, multicollinearity_threshold=0.9, remove_perfect_collinearity=True, create_clusters=False, cluster_iter=20, polynomial_features=False, polynomial_degree=2, trigonometry_features=False, polynomial_threshold=0.1, group_features=None, group_names=None, feature_selection=True, feature_selection_threshold=0.8, feature_selection_method=classic, feature_interaction=False, feature_ratio=False, interaction_threshold=0.01, fix_imbalance=False, fix_imbalance_method=None, transform_target=False, transform_target_method=box-cox, data_split_shuffle=True, data_split_stratify=False, fold_strategy=stratifiedkfold, fold=10, fold_shuffle=False, fold_groups=None, n_jobs=-1, use_gpu=False, custom_pipeline=None, html=True, session_id=None, log_experiment=False, experiment_name=None, log_plots=False, log_profile=False, log_data=False, silent=False, verbose=True, profile=False, profile_kwargs=None, display=None)
2021-03-13 16:41:39,559:INFO:Checking environment
2021-03-13 16:41:39,559:INFO:python_version: 3.7.4
2021-03-13 16:41:39,560:INFO:python_build: ('default', 'Aug  9 2019 18:34:13')
2021-03-13 16:41:39,560:INFO:machine: AMD64
2021-03-13 16:41:39,560:INFO:platform: Windows-10-10.0.19041-SP0
2021-03-13 16:41:39,561:INFO:Memory: svmem(total=8469581824, available=2155290624, percent=74.6, used=6314291200, free=2155290624)
2021-03-13 16:41:39,561:INFO:Physical Core: 4
2021-03-13 16:41:39,561:INFO:Logical Core: 4
2021-03-13 16:41:39,562:INFO:Checking libraries
2021-03-13 16:41:39,562:INFO:pd==1.2.3
2021-03-13 16:41:39,562:INFO:numpy==1.19.5
2021-03-13 16:41:39,562:INFO:sklearn==0.23.2
2021-03-13 16:41:39,562:INFO:lightgbm==3.1.1
2021-03-13 16:41:39,611:INFO:catboost==0.24
2021-03-13 16:41:39,611:INFO:xgboost==1.3.3
2021-03-13 16:41:41,987:INFO:mlflow==1.14.1
2021-03-13 16:41:41,988:INFO:Checking Exceptions
2021-03-13 16:41:41,988:INFO:Declaring global variables
2021-03-13 16:41:41,989:INFO:USI: 0964
2021-03-13 16:41:41,989:INFO:pycaret_globals: {'gpu_param', 'master_model_container', 'y', 'target_param', 'fix_imbalance_method_param', 'imputation_classifier', 'y_train', 'data_before_preprocess', 'iterative_imputation_iters_param', 'fold_generator', 'fix_imbalance_param', '_internal_pipeline', 'X_train', '_all_models_internal', 'fold_shuffle_param', 'n_jobs_param', 'imputation_regressor', 'y_test', '_ml_usecase', '_gpu_n_jobs_param', 'X', 'transform_target_method_param', 'exp_name_log', 'html_param', 'stratify_param', 'pycaret_globals', 'transform_target_param', 'USI', 'fold_param', 'logging_param', 'experiment__', 'seed', '_all_metrics', 'log_plots_param', 'prep_pipe', '_all_models', 'create_model_container', 'X_test', 'fold_groups_param', 'display_container', '_available_plots'}
2021-03-13 16:41:41,989:INFO:Preparing display monitor
2021-03-13 16:41:41,990:INFO:Preparing display monitor
2021-03-13 16:41:42,035:INFO:Importing libraries
2021-03-13 16:41:42,035:INFO:Copying data for preprocessing
2021-03-13 16:41:42,070:INFO:Declaring preprocessing parameters
2021-03-13 16:41:42,088:INFO:Creating preprocessing pipeline
2021-03-13 16:41:42,374:INFO:Preprocessing pipeline created successfully
2021-03-13 16:41:42,375:ERROR:(Process Exit): setup has been interupted with user command 'quit'. setup must rerun.
2021-03-13 16:41:42,375:INFO:Creating global containers
2021-03-13 16:41:42,379:INFO:Internal pipeline: Pipeline(memory=None, steps=[('empty_step', 'passthrough')], verbose=False)
2021-03-13 16:45:52,675:INFO:Creating grid variables
2021-03-13 16:45:52,830:INFO:create_model_container: 0
2021-03-13 16:45:52,831:INFO:master_model_container: 0
2021-03-13 16:45:52,832:INFO:display_container: 1
2021-03-13 16:45:52,877:INFO:Pipeline(memory=None,
         steps=[('dtypes',
                 DataTypes_Auto_infer(categorical_features=[],
                                      display_types=True, features_todrop=[],
                                      id_columns=[],
                                      ml_usecase='classification',
                                      numerical_features=[],
                                      target='wage_class', time_features=[])),
                ('imputer',
                 Simple_Imputer(categorical_strategy='not_available',
                                fill_value_categorical=None,
                                fill_value_numerical=None,
                                numeric_s...
                ('fix_perfect', Remove_100(target='wage_class')),
                ('clean_names', Clean_Colum_Names()),
                ('feature_select',
                 Advanced_Feature_Selection_Classic(ml_usecase='classification',
                                                    n_jobs=-1,
                                                    random_state=4000,
                                                    subclass='binary',
                                                    target='wage_class',
                                                    top_features_to_pick=0.19999999999999996)),
                ('fix_multi', 'passthrough'), ('dfs', 'passthrough'),
                ('pca', 'passthrough')],
         verbose=False)
2021-03-13 16:45:52,877:INFO:setup() succesfully completed......................................
2021-03-13 16:45:53,151:INFO:Initializing compare_models()
2021-03-13 16:45:53,152:INFO:compare_models(include=None, fold=5, round=4, cross_validation=True, sort=Accuracy, n_select=1, budget_time=None, turbo=True, errors=ignore, fit_kwargs=None, groups=None, verbose=True, display=None, exclude=None)
2021-03-13 16:45:53,152:INFO:Checking exceptions
2021-03-13 16:45:53,160:INFO:Preparing display monitor
2021-03-13 16:45:53,160:INFO:Preparing display monitor
2021-03-13 16:45:53,290:INFO:Initializing Logistic Regression
2021-03-13 16:45:53,290:INFO:Total runtime is 1.660585403442383e-05 minutes
2021-03-13 16:45:53,322:INFO:SubProcess create_model() called ==================================
2021-03-13 16:45:53,323:INFO:Initializing create_model()
2021-03-13 16:45:53,324:INFO:create_model(estimator=lr, fold=StratifiedKFold(n_splits=5, random_state=None, shuffle=False), round=4, cross_validation=True, predict=True, fit_kwargs={}, groups=None, refit=False, verbose=False, system=False, metrics=None, display=<pycaret.internal.Display.Display object at 0x000001B8625BD4C8>, kwargs={})
2021-03-13 16:45:53,324:INFO:Checking exceptions
2021-03-13 16:45:53,325:INFO:Importing libraries
2021-03-13 16:45:53,325:INFO:Copying training dataset
2021-03-13 16:45:53,336:INFO:Defining folds
2021-03-13 16:45:53,336:INFO:Declaring metric variables
2021-03-13 16:45:53,366:INFO:Importing untrained model
2021-03-13 16:45:53,399:INFO:Logistic Regression Imported succesfully
2021-03-13 16:45:53,461:INFO:Starting cross validation
2021-03-13 16:45:53,463:INFO:Cross validating with StratifiedKFold(n_splits=5, random_state=None, shuffle=False), n_jobs=-1
2021-03-13 16:46:09,969:INFO:Calculating mean and std
2021-03-13 16:46:09,972:INFO:Creating metrics dataframe
2021-03-13 16:46:09,989:INFO:Uploading results into container
2021-03-13 16:46:09,990:INFO:Uploading model into container now
2021-03-13 16:46:09,990:INFO:create_model_container: 1
2021-03-13 16:46:09,991:INFO:master_model_container: 1
2021-03-13 16:46:09,991:INFO:display_container: 2
2021-03-13 16:46:09,992:INFO:LogisticRegression(C=1.0, class_weight=None, dual=False, fit_intercept=True,
                   intercept_scaling=1, l1_ratio=None, max_iter=1000,
                   multi_class='auto', n_jobs=None, penalty='l2',
                   random_state=4000, solver='lbfgs', tol=0.0001, verbose=0,
                   warm_start=False)
2021-03-13 16:46:09,993:INFO:create_model() succesfully completed......................................
2021-03-13 16:46:10,126:INFO:SubProcess create_model() end ==================================
2021-03-13 16:46:10,127:INFO:Creating metrics dataframe
2021-03-13 16:46:10,195:INFO:Initializing K Neighbors Classifier
2021-03-13 16:46:10,196:INFO:Total runtime is 0.281757652759552 minutes
2021-03-13 16:46:10,232:INFO:SubProcess create_model() called ==================================
2021-03-13 16:46:10,233:INFO:Initializing create_model()
2021-03-13 16:46:10,233:INFO:create_model(estimator=knn, fold=StratifiedKFold(n_splits=5, random_state=None, shuffle=False), round=4, cross_validation=True, predict=True, fit_kwargs={}, groups=None, refit=False, verbose=False, system=False, metrics=None, display=<pycaret.internal.Display.Display object at 0x000001B8625BD4C8>, kwargs={})
2021-03-13 16:46:10,234:INFO:Checking exceptions
2021-03-13 16:46:10,234:INFO:Importing libraries
2021-03-13 16:46:10,234:INFO:Copying training dataset
2021-03-13 16:46:10,247:INFO:Defining folds
2021-03-13 16:46:10,248:INFO:Declaring metric variables
2021-03-13 16:46:10,282:INFO:Importing untrained model
2021-03-13 16:46:10,312:INFO:K Neighbors Classifier Imported succesfully
2021-03-13 16:46:10,379:INFO:Starting cross validation
2021-03-13 16:46:10,382:INFO:Cross validating with StratifiedKFold(n_splits=5, random_state=None, shuffle=False), n_jobs=-1
2021-03-13 16:46:22,141:INFO:Calculating mean and std
2021-03-13 16:46:22,145:INFO:Creating metrics dataframe
2021-03-13 16:46:22,162:INFO:Uploading results into container
2021-03-13 16:46:22,163:INFO:Uploading model into container now
2021-03-13 16:46:22,163:INFO:create_model_container: 2
2021-03-13 16:46:22,163:INFO:master_model_container: 2
2021-03-13 16:46:22,163:INFO:display_container: 2
2021-03-13 16:46:22,165:INFO:KNeighborsClassifier(algorithm='auto', leaf_size=30, metric='minkowski',
                     metric_params=None, n_jobs=-1, n_neighbors=5, p=2,
                     weights='uniform')
2021-03-13 16:46:22,165:INFO:create_model() succesfully completed......................................
2021-03-13 16:46:22,294:INFO:SubProcess create_model() end ==================================
2021-03-13 16:46:22,295:INFO:Creating metrics dataframe
2021-03-13 16:46:22,367:INFO:Initializing Naive Bayes
2021-03-13 16:46:22,367:INFO:Total runtime is 0.48463245630264284 minutes
2021-03-13 16:46:22,399:INFO:SubProcess create_model() called ==================================
2021-03-13 16:46:22,400:INFO:Initializing create_model()
2021-03-13 16:46:22,401:INFO:create_model(estimator=nb, fold=StratifiedKFold(n_splits=5, random_state=None, shuffle=False), round=4, cross_validation=True, predict=True, fit_kwargs={}, groups=None, refit=False, verbose=False, system=False, metrics=None, display=<pycaret.internal.Display.Display object at 0x000001B8625BD4C8>, kwargs={})
2021-03-13 16:46:22,401:INFO:Checking exceptions
2021-03-13 16:46:22,401:INFO:Importing libraries
2021-03-13 16:46:22,402:INFO:Copying training dataset
2021-03-13 16:46:22,411:INFO:Defining folds
2021-03-13 16:46:22,411:INFO:Declaring metric variables
2021-03-13 16:46:22,447:INFO:Importing untrained model
2021-03-13 16:46:22,482:INFO:Naive Bayes Imported succesfully
2021-03-13 16:46:22,550:INFO:Starting cross validation
2021-03-13 16:46:22,552:INFO:Cross validating with StratifiedKFold(n_splits=5, random_state=None, shuffle=False), n_jobs=-1
2021-03-13 16:46:23,594:INFO:Calculating mean and std
2021-03-13 16:46:23,597:INFO:Creating metrics dataframe
2021-03-13 16:46:23,614:INFO:Uploading results into container
2021-03-13 16:46:23,614:INFO:Uploading model into container now
2021-03-13 16:46:23,615:INFO:create_model_container: 3
2021-03-13 16:46:23,615:INFO:master_model_container: 3
2021-03-13 16:46:23,615:INFO:display_container: 2
2021-03-13 16:46:23,616:INFO:GaussianNB(priors=None, var_smoothing=1e-09)
2021-03-13 16:46:23,616:INFO:create_model() succesfully completed......................................
2021-03-13 16:46:23,735:INFO:SubProcess create_model() end ==================================
2021-03-13 16:46:23,735:INFO:Creating metrics dataframe
2021-03-13 16:46:23,808:INFO:Initializing Decision Tree Classifier
2021-03-13 16:46:23,809:INFO:Total runtime is 0.5086675643920898 minutes
2021-03-13 16:46:23,843:INFO:SubProcess create_model() called ==================================
2021-03-13 16:46:23,844:INFO:Initializing create_model()
2021-03-13 16:46:23,845:INFO:create_model(estimator=dt, fold=StratifiedKFold(n_splits=5, random_state=None, shuffle=False), round=4, cross_validation=True, predict=True, fit_kwargs={}, groups=None, refit=False, verbose=False, system=False, metrics=None, display=<pycaret.internal.Display.Display object at 0x000001B8625BD4C8>, kwargs={})
2021-03-13 16:46:23,845:INFO:Checking exceptions
2021-03-13 16:46:23,845:INFO:Importing libraries
2021-03-13 16:46:23,846:INFO:Copying training dataset
2021-03-13 16:46:23,854:INFO:Defining folds
2021-03-13 16:46:23,855:INFO:Declaring metric variables
2021-03-13 16:46:23,883:INFO:Importing untrained model
2021-03-13 16:46:23,915:INFO:Decision Tree Classifier Imported succesfully
2021-03-13 16:46:23,981:INFO:Starting cross validation
2021-03-13 16:46:23,983:INFO:Cross validating with StratifiedKFold(n_splits=5, random_state=None, shuffle=False), n_jobs=-1
2021-03-13 16:46:26,938:INFO:Calculating mean and std
2021-03-13 16:46:26,942:INFO:Creating metrics dataframe
2021-03-13 16:46:26,960:INFO:Uploading results into container
2021-03-13 16:46:26,960:INFO:Uploading model into container now
2021-03-13 16:46:26,960:INFO:create_model_container: 4
2021-03-13 16:46:26,961:INFO:master_model_container: 4
2021-03-13 16:46:26,961:INFO:display_container: 2
2021-03-13 16:46:26,962:INFO:DecisionTreeClassifier(ccp_alpha=0.0, class_weight=None, criterion='gini',
                       max_depth=None, max_features=None, max_leaf_nodes=None,
                       min_impurity_decrease=0.0, min_impurity_split=None,
                       min_samples_leaf=1, min_samples_split=2,
                       min_weight_fraction_leaf=0.0, presort='deprecated',
                       random_state=4000, splitter='best')
2021-03-13 16:46:26,963:INFO:create_model() succesfully completed......................................
2021-03-13 16:46:27,087:INFO:SubProcess create_model() end ==================================
2021-03-13 16:46:27,087:INFO:Creating metrics dataframe
2021-03-13 16:46:27,166:INFO:Initializing SVM - Linear Kernel
2021-03-13 16:46:27,167:INFO:Total runtime is 0.5646346012751261 minutes
2021-03-13 16:46:27,202:INFO:SubProcess create_model() called ==================================
2021-03-13 16:46:27,203:INFO:Initializing create_model()
2021-03-13 16:46:27,204:INFO:create_model(estimator=svm, fold=StratifiedKFold(n_splits=5, random_state=None, shuffle=False), round=4, cross_validation=True, predict=True, fit_kwargs={}, groups=None, refit=False, verbose=False, system=False, metrics=None, display=<pycaret.internal.Display.Display object at 0x000001B8625BD4C8>, kwargs={})
2021-03-13 16:46:27,204:INFO:Checking exceptions
2021-03-13 16:46:27,204:INFO:Importing libraries
2021-03-13 16:46:27,205:INFO:Copying training dataset
2021-03-13 16:46:27,219:INFO:Defining folds
2021-03-13 16:46:27,220:INFO:Declaring metric variables
2021-03-13 16:46:27,254:INFO:Importing untrained model
2021-03-13 16:46:27,294:INFO:SVM - Linear Kernel Imported succesfully
2021-03-13 16:46:27,365:INFO:Starting cross validation
2021-03-13 16:46:27,368:INFO:Cross validating with StratifiedKFold(n_splits=5, random_state=None, shuffle=False), n_jobs=-1
2021-03-13 16:46:34,815:INFO:Calculating mean and std
2021-03-13 16:46:34,818:INFO:Creating metrics dataframe
2021-03-13 16:46:34,836:INFO:Uploading results into container
2021-03-13 16:46:34,836:INFO:Uploading model into container now
2021-03-13 16:46:34,837:INFO:create_model_container: 5
2021-03-13 16:46:34,837:INFO:master_model_container: 5
2021-03-13 16:46:34,838:INFO:display_container: 2
2021-03-13 16:46:34,840:INFO:SGDClassifier(alpha=0.0001, average=False, class_weight=None,
              early_stopping=False, epsilon=0.1, eta0=0.001, fit_intercept=True,
              l1_ratio=0.15, learning_rate='optimal', loss='hinge',
              max_iter=1000, n_iter_no_change=5, n_jobs=-1, penalty='l2',
              power_t=0.5, random_state=4000, shuffle=True, tol=0.001,
              validation_fraction=0.1, verbose=0, warm_start=False)
2021-03-13 16:46:34,841:INFO:create_model() succesfully completed......................................
2021-03-13 16:46:34,965:INFO:SubProcess create_model() end ==================================
2021-03-13 16:46:34,965:INFO:Creating metrics dataframe
2021-03-13 16:46:35,044:INFO:Initializing Ridge Classifier
2021-03-13 16:46:35,044:INFO:Total runtime is 0.6959168632825216 minutes
2021-03-13 16:46:35,081:INFO:SubProcess create_model() called ==================================
2021-03-13 16:46:35,083:INFO:Initializing create_model()
2021-03-13 16:46:35,083:INFO:create_model(estimator=ridge, fold=StratifiedKFold(n_splits=5, random_state=None, shuffle=False), round=4, cross_validation=True, predict=True, fit_kwargs={}, groups=None, refit=False, verbose=False, system=False, metrics=None, display=<pycaret.internal.Display.Display object at 0x000001B8625BD4C8>, kwargs={})
2021-03-13 16:46:35,083:INFO:Checking exceptions
2021-03-13 16:46:35,084:INFO:Importing libraries
2021-03-13 16:46:35,084:INFO:Copying training dataset
2021-03-13 16:46:35,095:INFO:Defining folds
2021-03-13 16:46:35,096:INFO:Declaring metric variables
2021-03-13 16:46:35,139:INFO:Importing untrained model
2021-03-13 16:46:35,173:INFO:Ridge Classifier Imported succesfully
2021-03-13 16:46:35,250:INFO:Starting cross validation
2021-03-13 16:46:35,253:INFO:Cross validating with StratifiedKFold(n_splits=5, random_state=None, shuffle=False), n_jobs=-1
2021-03-13 16:46:36,544:INFO:Calculating mean and std
2021-03-13 16:46:36,548:INFO:Creating metrics dataframe
2021-03-13 16:46:36,564:INFO:Uploading results into container
2021-03-13 16:46:36,565:INFO:Uploading model into container now
2021-03-13 16:46:36,565:INFO:create_model_container: 6
2021-03-13 16:46:36,566:INFO:master_model_container: 6
2021-03-13 16:46:36,566:INFO:display_container: 2
2021-03-13 16:46:36,568:INFO:RidgeClassifier(alpha=1.0, class_weight=None, copy_X=True, fit_intercept=True,
                max_iter=None, normalize=False, random_state=4000,
                solver='auto', tol=0.001)
2021-03-13 16:46:36,568:INFO:create_model() succesfully completed......................................
2021-03-13 16:46:36,700:INFO:SubProcess create_model() end ==================================
2021-03-13 16:46:36,700:INFO:Creating metrics dataframe
2021-03-13 16:46:36,780:INFO:Initializing Random Forest Classifier
2021-03-13 16:46:36,780:INFO:Total runtime is 0.724856154123942 minutes
2021-03-13 16:46:36,815:INFO:SubProcess create_model() called ==================================
2021-03-13 16:46:36,816:INFO:Initializing create_model()
2021-03-13 16:46:36,817:INFO:create_model(estimator=rf, fold=StratifiedKFold(n_splits=5, random_state=None, shuffle=False), round=4, cross_validation=True, predict=True, fit_kwargs={}, groups=None, refit=False, verbose=False, system=False, metrics=None, display=<pycaret.internal.Display.Display object at 0x000001B8625BD4C8>, kwargs={})
2021-03-13 16:46:36,817:INFO:Checking exceptions
2021-03-13 16:46:36,817:INFO:Importing libraries
2021-03-13 16:46:36,817:INFO:Copying training dataset
2021-03-13 16:46:36,834:INFO:Defining folds
2021-03-13 16:46:36,836:INFO:Declaring metric variables
2021-03-13 16:46:36,875:INFO:Importing untrained model
2021-03-13 16:46:36,913:INFO:Random Forest Classifier Imported succesfully
2021-03-13 16:46:36,977:INFO:Starting cross validation
2021-03-13 16:46:36,979:INFO:Cross validating with StratifiedKFold(n_splits=5, random_state=None, shuffle=False), n_jobs=-1
2021-03-13 16:46:54,887:INFO:Calculating mean and std
2021-03-13 16:46:54,891:INFO:Creating metrics dataframe
2021-03-13 16:46:54,913:INFO:Uploading results into container
2021-03-13 16:46:54,913:INFO:Uploading model into container now
2021-03-13 16:46:54,913:INFO:create_model_container: 7
2021-03-13 16:46:54,914:INFO:master_model_container: 7
2021-03-13 16:46:54,914:INFO:display_container: 2
2021-03-13 16:46:54,916:INFO:RandomForestClassifier(bootstrap=True, ccp_alpha=0.0, class_weight=None,
                       criterion='gini', max_depth=None, max_features='auto',
                       max_leaf_nodes=None, max_samples=None,
                       min_impurity_decrease=0.0, min_impurity_split=None,
                       min_samples_leaf=1, min_samples_split=2,
                       min_weight_fraction_leaf=0.0, n_estimators=100,
                       n_jobs=-1, oob_score=False, random_state=4000, verbose=0,
                       warm_start=False)
2021-03-13 16:46:54,916:INFO:create_model() succesfully completed......................................
2021-03-13 16:46:55,047:INFO:SubProcess create_model() end ==================================
2021-03-13 16:46:55,048:INFO:Creating metrics dataframe
2021-03-13 16:46:55,157:INFO:Initializing Quadratic Discriminant Analysis
2021-03-13 16:46:55,157:INFO:Total runtime is 1.0311371604601542 minutes
2021-03-13 16:46:55,192:INFO:SubProcess create_model() called ==================================
2021-03-13 16:46:55,193:INFO:Initializing create_model()
2021-03-13 16:46:55,193:INFO:create_model(estimator=qda, fold=StratifiedKFold(n_splits=5, random_state=None, shuffle=False), round=4, cross_validation=True, predict=True, fit_kwargs={}, groups=None, refit=False, verbose=False, system=False, metrics=None, display=<pycaret.internal.Display.Display object at 0x000001B8625BD4C8>, kwargs={})
2021-03-13 16:46:55,194:INFO:Checking exceptions
2021-03-13 16:46:55,194:INFO:Importing libraries
2021-03-13 16:46:55,194:INFO:Copying training dataset
2021-03-13 16:46:55,206:INFO:Defining folds
2021-03-13 16:46:55,207:INFO:Declaring metric variables
2021-03-13 16:46:55,244:INFO:Importing untrained model
2021-03-13 16:46:55,278:INFO:Quadratic Discriminant Analysis Imported succesfully
2021-03-13 16:46:55,347:INFO:Starting cross validation
2021-03-13 16:46:55,349:INFO:Cross validating with StratifiedKFold(n_splits=5, random_state=None, shuffle=False), n_jobs=-1
2021-03-13 16:46:59,435:INFO:Calculating mean and std
2021-03-13 16:46:59,440:INFO:Creating metrics dataframe
2021-03-13 16:46:59,457:INFO:Uploading results into container
2021-03-13 16:46:59,458:INFO:Uploading model into container now
2021-03-13 16:46:59,458:INFO:create_model_container: 8
2021-03-13 16:46:59,459:INFO:master_model_container: 8
2021-03-13 16:46:59,459:INFO:display_container: 2
2021-03-13 16:46:59,460:INFO:QuadraticDiscriminantAnalysis(priors=None, reg_param=0.0,
                              store_covariance=False, tol=0.0001)
2021-03-13 16:46:59,460:INFO:create_model() succesfully completed......................................
2021-03-13 16:46:59,614:INFO:SubProcess create_model() end ==================================
2021-03-13 16:46:59,615:INFO:Creating metrics dataframe
2021-03-13 16:46:59,744:INFO:Initializing Ada Boost Classifier
2021-03-13 16:46:59,744:INFO:Total runtime is 1.1075772960980734 minutes
2021-03-13 16:46:59,781:INFO:SubProcess create_model() called ==================================
2021-03-13 16:46:59,782:INFO:Initializing create_model()
2021-03-13 16:46:59,782:INFO:create_model(estimator=ada, fold=StratifiedKFold(n_splits=5, random_state=None, shuffle=False), round=4, cross_validation=True, predict=True, fit_kwargs={}, groups=None, refit=False, verbose=False, system=False, metrics=None, display=<pycaret.internal.Display.Display object at 0x000001B8625BD4C8>, kwargs={})
2021-03-13 16:46:59,783:INFO:Checking exceptions
2021-03-13 16:46:59,783:INFO:Importing libraries
2021-03-13 16:46:59,784:INFO:Copying training dataset
2021-03-13 16:46:59,794:INFO:Defining folds
2021-03-13 16:46:59,794:INFO:Declaring metric variables
2021-03-13 16:46:59,827:INFO:Importing untrained model
2021-03-13 16:46:59,856:INFO:Ada Boost Classifier Imported succesfully
2021-03-13 16:46:59,930:INFO:Starting cross validation
2021-03-13 16:46:59,932:INFO:Cross validating with StratifiedKFold(n_splits=5, random_state=None, shuffle=False), n_jobs=-1
2021-03-13 16:47:11,723:INFO:Calculating mean and std
2021-03-13 16:47:11,731:INFO:Creating metrics dataframe
2021-03-13 16:47:11,752:INFO:Uploading results into container
2021-03-13 16:47:11,753:INFO:Uploading model into container now
2021-03-13 16:47:11,753:INFO:create_model_container: 9
2021-03-13 16:47:11,754:INFO:master_model_container: 9
2021-03-13 16:47:11,754:INFO:display_container: 2
2021-03-13 16:47:11,755:INFO:AdaBoostClassifier(algorithm='SAMME.R', base_estimator=None, learning_rate=1.0,
                   n_estimators=50, random_state=4000)
2021-03-13 16:47:11,756:INFO:create_model() succesfully completed......................................
2021-03-13 16:47:11,918:INFO:SubProcess create_model() end ==================================
2021-03-13 16:47:11,918:INFO:Creating metrics dataframe
2021-03-13 16:47:12,048:INFO:Initializing Gradient Boosting Classifier
2021-03-13 16:47:12,049:INFO:Total runtime is 1.3126622279485067 minutes
2021-03-13 16:47:12,094:INFO:SubProcess create_model() called ==================================
2021-03-13 16:47:12,095:INFO:Initializing create_model()
2021-03-13 16:47:12,095:INFO:create_model(estimator=gbc, fold=StratifiedKFold(n_splits=5, random_state=None, shuffle=False), round=4, cross_validation=True, predict=True, fit_kwargs={}, groups=None, refit=False, verbose=False, system=False, metrics=None, display=<pycaret.internal.Display.Display object at 0x000001B8625BD4C8>, kwargs={})
2021-03-13 16:47:12,096:INFO:Checking exceptions
2021-03-13 16:47:12,096:INFO:Importing libraries
2021-03-13 16:47:12,097:INFO:Copying training dataset
2021-03-13 16:47:12,123:INFO:Defining folds
2021-03-13 16:47:12,124:INFO:Declaring metric variables
2021-03-13 16:47:12,169:INFO:Importing untrained model
2021-03-13 16:47:12,220:INFO:Gradient Boosting Classifier Imported succesfully
2021-03-13 16:47:12,308:INFO:Starting cross validation
2021-03-13 16:47:12,311:INFO:Cross validating with StratifiedKFold(n_splits=5, random_state=None, shuffle=False), n_jobs=-1
2021-03-13 16:47:51,545:INFO:Calculating mean and std
2021-03-13 16:47:51,548:INFO:Creating metrics dataframe
2021-03-13 16:47:51,564:INFO:Uploading results into container
2021-03-13 16:47:51,564:INFO:Uploading model into container now
2021-03-13 16:47:51,565:INFO:create_model_container: 10
2021-03-13 16:47:51,565:INFO:master_model_container: 10
2021-03-13 16:47:51,565:INFO:display_container: 2
2021-03-13 16:47:51,567:INFO:GradientBoostingClassifier(ccp_alpha=0.0, criterion='friedman_mse', init=None,
                           learning_rate=0.1, loss='deviance', max_depth=3,
                           max_features=None, max_leaf_nodes=None,
                           min_impurity_decrease=0.0, min_impurity_split=None,
                           min_samples_leaf=1, min_samples_split=2,
                           min_weight_fraction_leaf=0.0, n_estimators=100,
                           n_iter_no_change=None, presort='deprecated',
                           random_state=4000, subsample=1.0, tol=0.0001,
                           validation_fraction=0.1, verbose=0,
                           warm_start=False)
2021-03-13 16:47:51,568:INFO:create_model() succesfully completed......................................
2021-03-13 16:47:51,685:INFO:SubProcess create_model() end ==================================
2021-03-13 16:47:51,686:INFO:Creating metrics dataframe
2021-03-13 16:47:51,803:INFO:Initializing Linear Discriminant Analysis
2021-03-13 16:47:51,804:INFO:Total runtime is 1.975248154004415 minutes
2021-03-13 16:47:51,837:INFO:SubProcess create_model() called ==================================
2021-03-13 16:47:51,839:INFO:Initializing create_model()
2021-03-13 16:47:51,839:INFO:create_model(estimator=lda, fold=StratifiedKFold(n_splits=5, random_state=None, shuffle=False), round=4, cross_validation=True, predict=True, fit_kwargs={}, groups=None, refit=False, verbose=False, system=False, metrics=None, display=<pycaret.internal.Display.Display object at 0x000001B8625BD4C8>, kwargs={})
2021-03-13 16:47:51,840:INFO:Checking exceptions
2021-03-13 16:47:51,840:INFO:Importing libraries
2021-03-13 16:47:51,840:INFO:Copying training dataset
2021-03-13 16:47:51,852:INFO:Defining folds
2021-03-13 16:47:51,853:INFO:Declaring metric variables
2021-03-13 16:47:51,881:INFO:Importing untrained model
2021-03-13 16:47:51,923:INFO:Linear Discriminant Analysis Imported succesfully
2021-03-13 16:47:51,986:INFO:Starting cross validation
2021-03-13 16:47:51,988:INFO:Cross validating with StratifiedKFold(n_splits=5, random_state=None, shuffle=False), n_jobs=-1
2021-03-13 16:47:56,999:INFO:Calculating mean and std
2021-03-13 16:47:57,002:INFO:Creating metrics dataframe
2021-03-13 16:47:57,018:INFO:Uploading results into container
2021-03-13 16:47:57,019:INFO:Uploading model into container now
2021-03-13 16:47:57,019:INFO:create_model_container: 11
2021-03-13 16:47:57,020:INFO:master_model_container: 11
2021-03-13 16:47:57,021:INFO:display_container: 2
2021-03-13 16:47:57,022:INFO:LinearDiscriminantAnalysis(n_components=None, priors=None, shrinkage=None,
                           solver='svd', store_covariance=False, tol=0.0001)
2021-03-13 16:47:57,022:INFO:create_model() succesfully completed......................................
2021-03-13 16:47:57,146:INFO:SubProcess create_model() end ==================================
2021-03-13 16:47:57,147:INFO:Creating metrics dataframe
2021-03-13 16:47:57,236:INFO:Initializing Extra Trees Classifier
2021-03-13 16:47:57,237:INFO:Total runtime is 2.0657939195632933 minutes
2021-03-13 16:47:57,267:INFO:SubProcess create_model() called ==================================
2021-03-13 16:47:57,269:INFO:Initializing create_model()
2021-03-13 16:47:57,269:INFO:create_model(estimator=et, fold=StratifiedKFold(n_splits=5, random_state=None, shuffle=False), round=4, cross_validation=True, predict=True, fit_kwargs={}, groups=None, refit=False, verbose=False, system=False, metrics=None, display=<pycaret.internal.Display.Display object at 0x000001B8625BD4C8>, kwargs={})
2021-03-13 16:47:57,270:INFO:Checking exceptions
2021-03-13 16:47:57,271:INFO:Importing libraries
2021-03-13 16:47:57,271:INFO:Copying training dataset
2021-03-13 16:47:57,280:INFO:Defining folds
2021-03-13 16:47:57,281:INFO:Declaring metric variables
2021-03-13 16:47:57,312:INFO:Importing untrained model
2021-03-13 16:47:57,351:INFO:Extra Trees Classifier Imported succesfully
2021-03-13 16:47:57,417:INFO:Starting cross validation
2021-03-13 16:47:57,419:INFO:Cross validating with StratifiedKFold(n_splits=5, random_state=None, shuffle=False), n_jobs=-1
2021-03-13 16:48:20,047:INFO:Calculating mean and std
2021-03-13 16:48:20,051:INFO:Creating metrics dataframe
2021-03-13 16:48:20,069:INFO:Uploading results into container
2021-03-13 16:48:20,070:INFO:Uploading model into container now
2021-03-13 16:48:20,070:INFO:create_model_container: 12
2021-03-13 16:48:20,071:INFO:master_model_container: 12
2021-03-13 16:48:20,071:INFO:display_container: 2
2021-03-13 16:48:20,073:INFO:ExtraTreesClassifier(bootstrap=False, ccp_alpha=0.0, class_weight=None,
                     criterion='gini', max_depth=None, max_features='auto',
                     max_leaf_nodes=None, max_samples=None,
                     min_impurity_decrease=0.0, min_impurity_split=None,
                     min_samples_leaf=1, min_samples_split=2,
                     min_weight_fraction_leaf=0.0, n_estimators=100, n_jobs=-1,
                     oob_score=False, random_state=4000, verbose=0,
                     warm_start=False)
2021-03-13 16:48:20,074:INFO:create_model() succesfully completed......................................
2021-03-13 16:48:20,208:INFO:SubProcess create_model() end ==================================
2021-03-13 16:48:20,208:INFO:Creating metrics dataframe
2021-03-13 16:48:20,298:INFO:Initializing Extreme Gradient Boosting
2021-03-13 16:48:20,299:INFO:Total runtime is 2.450170056025187 minutes
2021-03-13 16:48:20,329:INFO:SubProcess create_model() called ==================================
2021-03-13 16:48:20,330:INFO:Initializing create_model()
2021-03-13 16:48:20,331:INFO:create_model(estimator=xgboost, fold=StratifiedKFold(n_splits=5, random_state=None, shuffle=False), round=4, cross_validation=True, predict=True, fit_kwargs={}, groups=None, refit=False, verbose=False, system=False, metrics=None, display=<pycaret.internal.Display.Display object at 0x000001B8625BD4C8>, kwargs={})
2021-03-13 16:48:20,331:INFO:Checking exceptions
2021-03-13 16:48:20,331:INFO:Importing libraries
2021-03-13 16:48:20,332:INFO:Copying training dataset
2021-03-13 16:48:20,341:INFO:Defining folds
2021-03-13 16:48:20,341:INFO:Declaring metric variables
2021-03-13 16:48:20,370:INFO:Importing untrained model
2021-03-13 16:48:20,401:INFO:Extreme Gradient Boosting Imported succesfully
2021-03-13 16:48:20,460:INFO:Starting cross validation
2021-03-13 16:48:20,466:INFO:Cross validating with StratifiedKFold(n_splits=5, random_state=None, shuffle=False), n_jobs=-1
2021-03-13 16:49:06,685:INFO:Calculating mean and std
2021-03-13 16:49:06,688:INFO:Creating metrics dataframe
2021-03-13 16:49:06,703:INFO:Uploading results into container
2021-03-13 16:49:06,704:INFO:Uploading model into container now
2021-03-13 16:49:06,706:INFO:create_model_container: 13
2021-03-13 16:49:06,706:INFO:master_model_container: 13
2021-03-13 16:49:06,706:INFO:display_container: 2
2021-03-13 16:49:06,709:INFO:XGBClassifier(base_score=None, booster='gbtree', colsample_bylevel=None,
              colsample_bynode=None, colsample_bytree=None, gamma=None,
              gpu_id=None, importance_type='gain', interaction_constraints=None,
              learning_rate=None, max_delta_step=None, max_depth=None,
              min_child_weight=None, missing=nan, monotone_constraints=None,
              n_estimators=100, n_jobs=-1, num_parallel_tree=None,
              objective='binary:logistic', random_state=4000, reg_alpha=None,
              reg_lambda=None, scale_pos_weight=None, subsample=None,
              tree_method='auto', use_label_encoder=True,
              validate_parameters=None, verbosity=0)
2021-03-13 16:49:06,709:INFO:create_model() succesfully completed......................................
2021-03-13 16:49:06,847:INFO:SubProcess create_model() end ==================================
2021-03-13 16:49:06,847:INFO:Creating metrics dataframe
2021-03-13 16:49:06,941:INFO:Initializing Light Gradient Boosting Machine
2021-03-13 16:49:06,942:INFO:Total runtime is 3.227545964717865 minutes
2021-03-13 16:49:06,973:INFO:SubProcess create_model() called ==================================
2021-03-13 16:49:06,975:INFO:Initializing create_model()
2021-03-13 16:49:06,975:INFO:create_model(estimator=lightgbm, fold=StratifiedKFold(n_splits=5, random_state=None, shuffle=False), round=4, cross_validation=True, predict=True, fit_kwargs={}, groups=None, refit=False, verbose=False, system=False, metrics=None, display=<pycaret.internal.Display.Display object at 0x000001B8625BD4C8>, kwargs={})
2021-03-13 16:49:06,975:INFO:Checking exceptions
2021-03-13 16:49:06,976:INFO:Importing libraries
2021-03-13 16:49:06,976:INFO:Copying training dataset
2021-03-13 16:49:06,989:INFO:Defining folds
2021-03-13 16:49:06,989:INFO:Declaring metric variables
2021-03-13 16:49:07,020:INFO:Importing untrained model
2021-03-13 16:49:07,052:INFO:Light Gradient Boosting Machine Imported succesfully
2021-03-13 16:49:07,130:INFO:Starting cross validation
2021-03-13 16:49:07,133:INFO:Cross validating with StratifiedKFold(n_splits=5, random_state=None, shuffle=False), n_jobs=-1
2021-03-13 16:49:11,857:INFO:Calculating mean and std
2021-03-13 16:49:11,860:INFO:Creating metrics dataframe
2021-03-13 16:49:11,877:INFO:Uploading results into container
2021-03-13 16:49:11,877:INFO:Uploading model into container now
2021-03-13 16:49:11,878:INFO:create_model_container: 14
2021-03-13 16:49:11,878:INFO:master_model_container: 14
2021-03-13 16:49:11,879:INFO:display_container: 2
2021-03-13 16:49:11,881:INFO:LGBMClassifier(boosting_type='gbdt', class_weight=None, colsample_bytree=1.0,
               importance_type='split', learning_rate=0.1, max_depth=-1,
               min_child_samples=20, min_child_weight=0.001, min_split_gain=0.0,
               n_estimators=100, n_jobs=-1, num_leaves=31, objective=None,
               random_state=4000, reg_alpha=0.0, reg_lambda=0.0, silent=True,
               subsample=1.0, subsample_for_bin=200000, subsample_freq=0)
2021-03-13 16:49:11,881:INFO:create_model() succesfully completed......................................
2021-03-13 16:49:12,000:INFO:SubProcess create_model() end ==================================
2021-03-13 16:49:12,000:INFO:Creating metrics dataframe
2021-03-13 16:49:12,109:INFO:Initializing CatBoost Classifier
2021-03-13 16:49:12,110:INFO:Total runtime is 3.313681157430013 minutes
2021-03-13 16:49:12,142:INFO:SubProcess create_model() called ==================================
2021-03-13 16:49:12,144:INFO:Initializing create_model()
2021-03-13 16:49:12,144:INFO:create_model(estimator=catboost, fold=StratifiedKFold(n_splits=5, random_state=None, shuffle=False), round=4, cross_validation=True, predict=True, fit_kwargs={}, groups=None, refit=False, verbose=False, system=False, metrics=None, display=<pycaret.internal.Display.Display object at 0x000001B8625BD4C8>, kwargs={})
2021-03-13 16:49:12,144:INFO:Checking exceptions
2021-03-13 16:49:12,144:INFO:Importing libraries
2021-03-13 16:49:12,145:INFO:Copying training dataset
2021-03-13 16:49:12,153:INFO:Defining folds
2021-03-13 16:49:12,154:INFO:Declaring metric variables
2021-03-13 16:49:12,186:INFO:Importing untrained model
2021-03-13 16:49:12,216:INFO:CatBoost Classifier Imported succesfully
2021-03-13 16:49:12,276:INFO:Starting cross validation
2021-03-13 16:49:12,303:INFO:Cross validating with StratifiedKFold(n_splits=5, random_state=None, shuffle=False), n_jobs=-1
2021-03-13 16:50:26,563:INFO:Calculating mean and std
2021-03-13 16:50:26,568:INFO:Creating metrics dataframe
2021-03-13 16:50:26,586:INFO:Uploading results into container
2021-03-13 16:50:26,587:INFO:Uploading model into container now
2021-03-13 16:50:26,587:INFO:create_model_container: 15
2021-03-13 16:50:26,587:INFO:master_model_container: 15
2021-03-13 16:50:26,588:INFO:display_container: 2
2021-03-13 16:50:26,588:INFO:<catboost.core.CatBoostClassifier object at 0x000001B86246AC48>
2021-03-13 16:50:26,588:INFO:create_model() succesfully completed......................................
2021-03-13 16:50:26,761:WARNING:create_model() for <catboost.core.CatBoostClassifier object at 0x000001B86246AC48> raised an exception or returned all 0.0, trying without fit_kwargs:
2021-03-13 16:50:26,859:WARNING:Traceback (most recent call last):
  File "C:\Users\karma\AppData\Roaming\Python\Python37\site-packages\pycaret\internal\tabular.py", line 2176, in compare_models
    assert np.sum(model_results.iloc[0]) != 0.0
AssertionError

2021-03-13 16:50:26,860:INFO:Initializing create_model()
2021-03-13 16:50:26,861:INFO:create_model(estimator=<catboost.core.CatBoostClassifier object at 0x000001B86246AC48>, fold=StratifiedKFold(n_splits=5, random_state=None, shuffle=False), round=4, cross_validation=True, predict=True, fit_kwargs=None, groups=None, refit=False, verbose=False, system=False, metrics=None, display=<pycaret.internal.Display.Display object at 0x000001B8625BD4C8>, kwargs={})
2021-03-13 16:50:26,861:INFO:Checking exceptions
2021-03-13 16:50:26,861:INFO:Importing libraries
2021-03-13 16:50:26,861:INFO:Copying training dataset
2021-03-13 16:50:26,872:INFO:Defining folds
2021-03-13 16:50:26,872:INFO:Declaring metric variables
2021-03-13 16:50:26,903:INFO:Importing untrained model
2021-03-13 16:50:26,904:INFO:Declaring custom model
2021-03-13 16:50:26,976:INFO:CatBoost Classifier Imported succesfully
2021-03-13 16:50:27,082:INFO:Starting cross validation
2021-03-13 16:50:27,084:INFO:Cross validating with StratifiedKFold(n_splits=5, random_state=None, shuffle=False), n_jobs=-1
2021-03-13 16:53:36,017:INFO:Calculating mean and std
2021-03-13 16:53:36,018:INFO:Creating metrics dataframe
2021-03-13 16:53:36,035:INFO:Uploading results into container
2021-03-13 16:53:36,035:INFO:Uploading model into container now
2021-03-13 16:53:36,035:INFO:create_model_container: 16
2021-03-13 16:53:36,036:INFO:master_model_container: 16
2021-03-13 16:53:36,036:INFO:display_container: 2
2021-03-13 16:53:36,036:INFO:<catboost.core.CatBoostClassifier object at 0x000001B8625C3448>
2021-03-13 16:53:36,036:INFO:create_model() succesfully completed......................................
2021-03-13 16:53:36,193:INFO:SubProcess create_model() end ==================================
2021-03-13 16:53:36,193:INFO:Creating metrics dataframe
2021-03-13 16:53:36,357:INFO:Initializing create_model()
2021-03-13 16:53:36,358:INFO:create_model(estimator=<catboost.core.CatBoostClassifier object at 0x000001B8625C3448>, fold=StratifiedKFold(n_splits=5, random_state=None, shuffle=False), round=4, cross_validation=False, predict=False, fit_kwargs={}, groups=None, refit=True, verbose=False, system=False, metrics=None, display=None, kwargs={})
2021-03-13 16:53:36,359:INFO:Checking exceptions
2021-03-13 16:53:36,359:INFO:Importing libraries
2021-03-13 16:53:36,359:INFO:Copying training dataset
2021-03-13 16:53:36,369:INFO:Defining folds
2021-03-13 16:53:36,369:INFO:Declaring metric variables
2021-03-13 16:53:36,369:INFO:Importing untrained model
2021-03-13 16:53:36,369:INFO:Declaring custom model
2021-03-13 16:53:36,370:INFO:CatBoost Classifier Imported succesfully
2021-03-13 16:53:36,372:INFO:Cross validation set to False
2021-03-13 16:53:36,373:INFO:Fitting Model
2021-03-13 16:54:15,424:INFO:<catboost.core.CatBoostClassifier object at 0x000001B862C1C4C8>
2021-03-13 16:54:15,424:INFO:create_models() succesfully completed......................................
2021-03-13 16:54:15,844:INFO:create_model_container: 16
2021-03-13 16:54:15,846:INFO:master_model_container: 16
2021-03-13 16:54:15,847:INFO:display_container: 2
2021-03-13 16:54:15,847:INFO:<catboost.core.CatBoostClassifier object at 0x000001B862C1C4C8>
2021-03-13 16:54:15,847:INFO:compare_models() succesfully completed......................................
